Starting Nmap 7.92 ( https://nmap.org ) at 2022-01-13 14:21 CET
NSE: Loaded 155 scripts for scanning.
NSE: Script Pre-scanning.
Initiating NSE at 14:21
Completed NSE at 14:21, 0.00s elapsed
Initiating NSE at 14:21
Completed NSE at 14:21, 0.00s elapsed
Initiating NSE at 14:21
Completed NSE at 14:21, 0.00s elapsed
Initiating Parallel DNS resolution of 1 host. at 14:21
Completed Parallel DNS resolution of 1 host. at 14:21, 0.01s elapsed
Initiating Connect Scan at 14:21
Scanning 10.10.145.162 [1000 ports]
Discovered open port 139/tcp on 10.10.145.162
Discovered open port 135/tcp on 10.10.145.162
Discovered open port 3389/tcp on 10.10.145.162
Discovered open port 445/tcp on 10.10.145.162
Discovered open port 31337/tcp on 10.10.145.162
Discovered open port 49161/tcp on 10.10.145.162
Discovered open port 49155/tcp on 10.10.145.162
Discovered open port 49153/tcp on 10.10.145.162
Discovered open port 49154/tcp on 10.10.145.162
Discovered open port 49165/tcp on 10.10.145.162
Discovered open port 49152/tcp on 10.10.145.162
Completed Connect Scan at 14:21, 2.48s elapsed (1000 total ports)
Initiating Service scan at 14:21
Scanning 11 services on 10.10.145.162
Service scan Timing: About 36.36% done; ETC: 14:23 (0:01:35 remaining)
Completed Service scan at 14:23, 157.56s elapsed (11 services on 1 host)
NSE: Script scanning 10.10.145.162.
Initiating NSE at 14:23
Completed NSE at 14:23, 5.49s elapsed
Initiating NSE at 14:23
Completed NSE at 14:23, 1.14s elapsed
Initiating NSE at 14:23
Completed NSE at 14:23, 0.00s elapsed
Nmap scan report for 10.10.145.162
Host is up (0.037s latency).
Not shown: 989 closed tcp ports (conn-refused)
PORT      STATE SERVICE            VERSION
135/tcp   open  msrpc              Microsoft Windows RPC
139/tcp   open  netbios-ssn        Microsoft Windows netbios-ssn
445/tcp   open  microsoft-ds       Windows 7 Professional 7601 Service Pack 1 microsoft-ds (workgroup: WORKGROUP)
3389/tcp  open  ssl/ms-wbt-server?
|_ssl-date: 2022-01-13T13:22:53+00:00; -56s from scanner time.
| ssl-cert: Subject: commonName=gatekeeper
| Issuer: commonName=gatekeeper
| Public Key type: rsa
| Public Key bits: 2048
| Signature Algorithm: sha1WithRSAEncryption
| Not valid before: 2022-01-12T12:43:16
| Not valid after:  2022-07-14T12:43:16
| MD5:   c9fa edf2 7058 57e5 59d3 8d61 1624 1884
|_SHA-1: bfa9 f0c5 2ccf ca6e c627 c974 d902 e296 db45 4357
| rdp-ntlm-info: 
|   Target_Name: GATEKEEPER
|   NetBIOS_Domain_Name: GATEKEEPER
|   NetBIOS_Computer_Name: GATEKEEPER
|   DNS_Domain_Name: gatekeeper
|   DNS_Computer_Name: gatekeeper
|   Product_Version: 6.1.7601
|_  System_Time: 2022-01-13T13:22:47+00:00
31337/tcp open  Elite?
| fingerprint-strings: 
|   FourOhFourRequest: 
|     Hello GET /nice%20ports%2C/Tri%6Eity.txt%2ebak HTTP/1.0
|     Hello
|   GenericLines: 
|     Hello 
|     Hello
|   GetRequest: 
|     Hello GET / HTTP/1.0
|     Hello
|   HTTPOptions: 
|     Hello OPTIONS / HTTP/1.0
|     Hello
|   Help: 
|     Hello HELP
|   Kerberos: 
|     Hello !!!
|   LDAPSearchReq: 
|     Hello 0
|     Hello
|   LPDString: 
|     Hello 
|     default!!!
|   RTSPRequest: 
|     Hello OPTIONS / RTSP/1.0
|     Hello
|   SIPOptions: 
|     Hello OPTIONS sip:nm SIP/2.0
|     Hello Via: SIP/2.0/TCP nm;branch=foo
|     Hello From: <sip:nm@nm>;tag=root
|     Hello To: <sip:nm2@nm2>
|     Hello Call-ID: 50000
|     Hello CSeq: 42 OPTIONS
|     Hello Max-Forwards: 70
|     Hello Content-Length: 0
|     Hello Contact: <sip:nm@nm>
|     Hello Accept: application/sdp
|     Hello
|   SSLSessionReq, TLSSessionReq, TerminalServerCookie: 
|_    Hello
49152/tcp open  msrpc              Microsoft Windows RPC
49153/tcp open  msrpc              Microsoft Windows RPC
49154/tcp open  msrpc              Microsoft Windows RPC
49155/tcp open  msrpc              Microsoft Windows RPC
49161/tcp open  msrpc              Microsoft Windows RPC
49165/tcp open  msrpc              Microsoft Windows RPC
1 service unrecognized despite returning data. If you know the service/version, please submit the following fingerprint at https://nmap.org/cgi-bin/submit.cgi?new-service :
SF-Port31337-TCP:V=7.92%I=7%D=1/13%Time=61E0274D%P=x86_64-pc-linux-gnu%r(G
SF:etRequest,24,"Hello\x20GET\x20/\x20HTTP/1\.0\r!!!\nHello\x20\r!!!\n")%r
SF:(SIPOptions,142,"Hello\x20OPTIONS\x20sip:nm\x20SIP/2\.0\r!!!\nHello\x20
SF:Via:\x20SIP/2\.0/TCP\x20nm;branch=foo\r!!!\nHello\x20From:\x20<sip:nm@n
SF:m>;tag=root\r!!!\nHello\x20To:\x20<sip:nm2@nm2>\r!!!\nHello\x20Call-ID:
SF:\x2050000\r!!!\nHello\x20CSeq:\x2042\x20OPTIONS\r!!!\nHello\x20Max-Forw
SF:ards:\x2070\r!!!\nHello\x20Content-Length:\x200\r!!!\nHello\x20Contact:
SF:\x20<sip:nm@nm>\r!!!\nHello\x20Accept:\x20application/sdp\r!!!\nHello\x
SF:20\r!!!\n")%r(GenericLines,16,"Hello\x20\r!!!\nHello\x20\r!!!\n")%r(HTT
SF:POptions,28,"Hello\x20OPTIONS\x20/\x20HTTP/1\.0\r!!!\nHello\x20\r!!!\n"
SF:)%r(RTSPRequest,28,"Hello\x20OPTIONS\x20/\x20RTSP/1\.0\r!!!\nHello\x20\
SF:r!!!\n")%r(Help,F,"Hello\x20HELP\r!!!\n")%r(SSLSessionReq,C,"Hello\x20\
SF:x16\x03!!!\n")%r(TerminalServerCookie,B,"Hello\x20\x03!!!\n")%r(TLSSess
SF:ionReq,C,"Hello\x20\x16\x03!!!\n")%r(Kerberos,A,"Hello\x20!!!\n")%r(Fou
SF:rOhFourRequest,47,"Hello\x20GET\x20/nice%20ports%2C/Tri%6Eity\.txt%2eba
SF:k\x20HTTP/1\.0\r!!!\nHello\x20\r!!!\n")%r(LPDString,12,"Hello\x20\x01de
SF:fault!!!\n")%r(LDAPSearchReq,17,"Hello\x200\x84!!!\nHello\x20\x01!!!\n"
SF:);
Service Info: Host: GATEKEEPER; OS: Windows; CPE: cpe:/o:microsoft:windows

Host script results:
| smb-os-discovery: 
|   OS: Windows 7 Professional 7601 Service Pack 1 (Windows 7 Professional 6.1)
|   OS CPE: cpe:/o:microsoft:windows_7::sp1:professional
|   Computer name: gatekeeper
|   NetBIOS computer name: GATEKEEPER\x00
|   Workgroup: WORKGROUP\x00
|_  System time: 2022-01-13T08:22:47-05:00
|_clock-skew: mean: 59m03s, deviation: 2h14m09s, median: -57s
| smb2-security-mode: 
|   2.1: 
|_    Message signing enabled but not required
| smb-security-mode: 
|   account_used: guest
|   authentication_level: user
|   challenge_response: supported
|_  message_signing: disabled (dangerous, but default)
| nbstat: NetBIOS name: GATEKEEPER, NetBIOS user: <unknown>, NetBIOS MAC: 02:bf:6a:13:2c:5d (unknown)
| Names:
|   GATEKEEPER<00>       Flags: <unique><active>
|   WORKGROUP<00>        Flags: <group><active>
|   GATEKEEPER<20>       Flags: <unique><active>
|   WORKGROUP<1e>        Flags: <group><active>
|   WORKGROUP<1d>        Flags: <unique><active>
|_  \x01\x02__MSBROWSE__\x02<01>  Flags: <group><active>
| smb2-time: 
|   date: 2022-01-13T13:22:47
|_  start_date: 2022-01-13T12:43:01

NSE: Script Post-scanning.
Initiating NSE at 14:23
Completed NSE at 14:23, 0.00s elapsed
Initiating NSE at 14:23
Completed NSE at 14:23, 0.00s elapsed
Initiating NSE at 14:23
Completed NSE at 14:23, 0.00s elapsed
Read data files from: /usr/bin/../share/nmap
Service detection performed. Please report any incorrect results at https://nmap.org/submit/ .
Nmap done: 1 IP address (1 host up) scanned in 167.08 seconds
