Starting Nmap 7.92 ( https://nmap.org ) at 2022-01-17 08:21 CET
Nmap scan report for CONTROLLER.local (10.10.109.227)
Host is up (0.038s latency).
Not shown: 987 closed tcp ports (conn-refused)
PORT     STATE SERVICE       VERSION
22/tcp   open  ssh           OpenSSH for_Windows_7.7 (protocol 2.0)
| ssh-hostkey: 
|   2048 68:f2:8b:17:15:7c:90:d7:4e:0f:8e:d1:4c:6a:be:98 (RSA)
|   256 b0:3a:a7:c3:88:2e:c1:0b:d7:be:1e:43:1c:f7:5b:34 (ECDSA)
|_  256 03:c0:ee:58:32:ae:6a:cc:8e:1a:7d:8b:20:c8:a2:bb (ED25519)
53/tcp   open  domain        Simple DNS Plus
88/tcp   open  kerberos-sec  Microsoft Windows Kerberos (server time: 2022-01-17 07:21:00Z)
135/tcp  open  msrpc         Microsoft Windows RPC
139/tcp  open  netbios-ssn   Microsoft Windows netbios-ssn
389/tcp  open  ldap          Microsoft Windows Active Directory LDAP (Domain: CONTROLLER.local0., Site: Default-First-Site-Name)
445/tcp  open  microsoft-ds?
464/tcp  open  kpasswd5?
593/tcp  open  ncacn_http    Microsoft Windows RPC over HTTP 1.0
636/tcp  open  tcpwrapped
3268/tcp open  ldap          Microsoft Windows Active Directory LDAP (Domain: CONTROLLER.local0., Site: Default-First-Site-Name)
3269/tcp open  tcpwrapped
3389/tcp open  ms-wbt-server Microsoft Terminal Services
| ssl-cert: Subject: commonName=CONTROLLER-1.CONTROLLER.local
| Not valid before: 2022-01-16T07:17:19
|_Not valid after:  2022-07-18T07:17:19
|_ssl-date: 2022-01-17T07:21:13+00:00; -1m00s from scanner time.
| rdp-ntlm-info: 
|   Target_Name: CONTROLLER
|   NetBIOS_Domain_Name: CONTROLLER
|   NetBIOS_Computer_Name: CONTROLLER-1
|   DNS_Domain_Name: CONTROLLER.local
|   DNS_Computer_Name: CONTROLLER-1.CONTROLLER.local
|   Product_Version: 10.0.17763
|_  System_Time: 2022-01-17T07:21:02+00:00
Service Info: Host: CONTROLLER-1; OS: Windows; CPE: cpe:/o:microsoft:windows

Host script results:
|_clock-skew: mean: -1m00s, deviation: 0s, median: -1m00s
| smb2-time: 
|   date: 2022-01-17T07:21:03
|_  start_date: N/A
| smb2-security-mode: 
|   3.1.1: 
|_    Message signing enabled and required

Service detection performed. Please report any incorrect results at https://nmap.org/submit/ .
Nmap done: 1 IP address (1 host up) scanned in 22.51 seconds
