===============================================================
Gobuster v3.1.0
by OJ Reeves (@TheColonial) & Christian Mehlmauer (@firefart)
===============================================================
[+] Url:                     http://10.10.215.26/
[+] Method:                  GET
[+] Threads:                 10
[+] Wordlist:                /home/ulli/Documents/Tools/SecLists/Discovery/Web-Content/common.txt
[+] Negative Status codes:   404
[+] User Agent:              gobuster/3.1.0
[+] Timeout:                 10s
===============================================================
2022/01/05 15:27:18 Starting gobuster in directory enumeration mode
===============================================================
/.hta                 (Status: 403) [Size: 291]
/.htaccess            (Status: 403) [Size: 296]
/.htpasswd            (Status: 403) [Size: 296]
/index.html           (Status: 200) [Size: 11321]
/robots.txt           (Status: 200) [Size: 929]  
/server-status        (Status: 403) [Size: 300]  
/simple               (Status: 301) [Size: 313] [--> http://10.10.215.26/simple/]
===============================================================
2022/01/05 15:27:38 Finished
===============================================================
