Starting Nmap 7.92 ( https://nmap.org ) at 2022-01-05 15:19 CET
NSE: Loaded 155 scripts for scanning.
NSE: Script Pre-scanning.
NSE: Starting runlevel 1 (of 3) scan.
Initiating NSE at 15:19
Completed NSE at 15:19, 0.00s elapsed
NSE: Starting runlevel 2 (of 3) scan.
Initiating NSE at 15:19
Completed NSE at 15:19, 0.00s elapsed
NSE: Starting runlevel 3 (of 3) scan.
Initiating NSE at 15:19
Completed NSE at 15:19, 0.00s elapsed
Initiating Ping Scan at 15:19
Scanning 10.10.215.26 [2 ports]
Completed Ping Scan at 15:19, 0.07s elapsed (1 total hosts)
Initiating Parallel DNS resolution of 1 host. at 15:19
Completed Parallel DNS resolution of 1 host. at 15:19, 0.01s elapsed
Initiating Connect Scan at 15:19
Scanning 10.10.215.26 [1001 ports]
Discovered open port 80/tcp on 10.10.215.26
Discovered open port 21/tcp on 10.10.215.26
Completed Connect Scan at 15:20, 7.36s elapsed (1001 total ports)
Initiating Service scan at 15:20
Scanning 2 services on 10.10.215.26
Completed Service scan at 15:20, 6.14s elapsed (2 services on 1 host)
NSE: Script scanning 10.10.215.26.
NSE: Starting runlevel 1 (of 3) scan.
Initiating NSE at 15:20
NSE: [ftp-bounce 10.10.215.26:21] PORT response: 500 Illegal PORT command.
Completed NSE at 15:20, 30.42s elapsed
NSE: Starting runlevel 2 (of 3) scan.
Initiating NSE at 15:20
Completed NSE at 15:20, 0.27s elapsed
NSE: Starting runlevel 3 (of 3) scan.
Initiating NSE at 15:20
Completed NSE at 15:20, 0.00s elapsed
Nmap scan report for 10.10.215.26
Host is up, received syn-ack (0.060s latency).
Scanned at 2022-01-05 15:19:58 CET for 44s
Not shown: 999 filtered tcp ports (no-response)
PORT   STATE SERVICE REASON  VERSION
21/tcp open  ftp     syn-ack vsftpd 3.0.3
| ftp-anon: Anonymous FTP login allowed (FTP code 230)
|_Can't get directory listing: TIMEOUT
| ftp-syst: 
|   STAT: 
| FTP server status:
|      Connected to ::ffff:10.9.4.9
|      Logged in as ftp
|      TYPE: ASCII
|      No session bandwidth limit
|      Session timeout in seconds is 300
|      Control connection is plain text
|      Data connections will be plain text
|      At session startup, client count was 3
|      vsFTPd 3.0.3 - secure, fast, stable
|_End of status
80/tcp open  http    syn-ack Apache httpd 2.4.18 ((Ubuntu))
| http-robots.txt: 2 disallowed entries 
|_/ /openemr-5_0_1_3 
|_http-server-header: Apache/2.4.18 (Ubuntu)
|_http-title: Apache2 Ubuntu Default Page: It works
| http-methods: 
|_  Supported Methods: GET HEAD POST OPTIONS
Service Info: OS: Unix

NSE: Script Post-scanning.
NSE: Starting runlevel 1 (of 3) scan.
Initiating NSE at 15:20
Completed NSE at 15:20, 0.00s elapsed
NSE: Starting runlevel 2 (of 3) scan.
Initiating NSE at 15:20
Completed NSE at 15:20, 0.00s elapsed
NSE: Starting runlevel 3 (of 3) scan.
Initiating NSE at 15:20
Completed NSE at 15:20, 0.00s elapsed
Read data files from: /usr/bin/../share/nmap
Service detection performed. Please report any incorrect results at https://nmap.org/submit/ .
Nmap done: 1 IP address (1 host up) scanned in 44.69 seconds
