===============================================================
Gobuster v3.1.0
by OJ Reeves (@TheColonial) & Christian Mehlmauer (@firefart)
===============================================================
[+] Url:                     http://10.10.177.73/
[+] Method:                  GET
[+] Threads:                 10
[+] Wordlist:                /home/ulli/Documents/Tools/SecLists/Discovery/Web-Content/directory-list-2.3-medium.txt
[+] Negative Status codes:   404
[+] User Agent:              gobuster/3.1.0
[+] Timeout:                 10s
===============================================================
2022/01/02 22:29:39 Starting gobuster in directory enumeration mode
===============================================================
/*checkout*           (Status: 400) [Size: 3420]
/*docroot*            (Status: 400) [Size: 3420]
/*                    (Status: 400) [Size: 3420]
/http%3A%2F%2Fwww     (Status: 400) [Size: 3420]
/http%3A              (Status: 400) [Size: 3420]
/q%26a                (Status: 400) [Size: 3420]
/**http%3a            (Status: 400) [Size: 3420]
/*http%3A             (Status: 400) [Size: 3420]
/**http%3A            (Status: 400) [Size: 3420]
/http%3A%2F%2Fyoutube (Status: 400) [Size: 3420]
/http%3A%2F%2Fblogs   (Status: 400) [Size: 3420]
/http%3A%2F%2Fblog    (Status: 400) [Size: 3420]
/**http%3A%2F%2Fwww   (Status: 400) [Size: 3420]
/s%26p                (Status: 400) [Size: 3420]
/%3FRID%3D2671        (Status: 400) [Size: 3420]
/devinmoore*          (Status: 400) [Size: 3420]
