Starting Nmap 7.92 ( https://nmap.org ) at 2022-01-02 22:45 CET
NSE: Loaded 155 scripts for scanning.
NSE: Script Pre-scanning.
NSE: Starting runlevel 1 (of 3) scan.
Initiating NSE at 22:45
Completed NSE at 22:45, 0.00s elapsed
NSE: Starting runlevel 2 (of 3) scan.
Initiating NSE at 22:45
Completed NSE at 22:45, 0.00s elapsed
NSE: Starting runlevel 3 (of 3) scan.
Initiating NSE at 22:45
Completed NSE at 22:45, 0.00s elapsed
Initiating Ping Scan at 22:45
Scanning 10.10.177.73 [2 ports]
Completed Ping Scan at 22:45, 0.03s elapsed (1 total hosts)
Initiating Parallel DNS resolution of 1 host. at 22:45
Completed Parallel DNS resolution of 1 host. at 22:45, 0.02s elapsed
Initiating Connect Scan at 22:45
Scanning 10.10.177.73 [65535 ports]
Discovered open port 3389/tcp on 10.10.177.73
Discovered open port 80/tcp on 10.10.177.73
Discovered open port 135/tcp on 10.10.177.73
Discovered open port 445/tcp on 10.10.177.73
Discovered open port 139/tcp on 10.10.177.73
Connect Scan Timing: About 14.18% done; ETC: 22:49 (0:03:08 remaining)
Connect Scan Timing: About 28.16% done; ETC: 22:49 (0:02:36 remaining)
Connect Scan Timing: About 44.78% done; ETC: 22:49 (0:01:52 remaining)
Discovered open port 49669/tcp on 10.10.177.73
Connect Scan Timing: About 64.61% done; ETC: 22:49 (0:01:06 remaining)
Discovered open port 49667/tcp on 10.10.177.73
Discovered open port 49663/tcp on 10.10.177.73
Connect Scan Timing: About 81.18% done; ETC: 22:49 (0:00:35 remaining)
Completed Connect Scan at 22:49, 184.45s elapsed (65535 total ports)
Initiating Service scan at 22:49
Scanning 8 services on 10.10.177.73
Completed Service scan at 22:49, 56.09s elapsed (8 services on 1 host)
NSE: Script scanning 10.10.177.73.
NSE: Starting runlevel 1 (of 3) scan.
Initiating NSE at 22:49
NSE Timing: About 99.91% done; ETC: 22:50 (0:00:00 remaining)
Completed NSE at 22:50, 40.16s elapsed
NSE: Starting runlevel 2 (of 3) scan.
Initiating NSE at 22:50
Completed NSE at 22:50, 1.66s elapsed
NSE: Starting runlevel 3 (of 3) scan.
Initiating NSE at 22:50
Completed NSE at 22:50, 0.00s elapsed
Nmap scan report for 10.10.177.73
Host is up, received syn-ack (0.058s latency).
Scanned at 2022-01-02 22:45:56 CET for 283s
Not shown: 65527 filtered tcp ports (no-response)
PORT      STATE SERVICE       REASON  VERSION
80/tcp    open  http          syn-ack Microsoft IIS httpd 10.0
|_http-server-header: Microsoft-IIS/10.0
|_http-title: IIS Windows Server
| http-methods: 
|   Supported Methods: OPTIONS TRACE GET HEAD POST
|_  Potentially risky methods: TRACE
135/tcp   open  msrpc         syn-ack Microsoft Windows RPC
139/tcp   open  netbios-ssn   syn-ack Microsoft Windows netbios-ssn
445/tcp   open  microsoft-ds  syn-ack Windows Server 2016 Standard Evaluation 14393 microsoft-ds
3389/tcp  open  ms-wbt-server syn-ack Microsoft Terminal Services
|_ssl-date: 2022-01-02T21:49:47+00:00; -51s from scanner time.
| ssl-cert: Subject: commonName=Relevant
| Issuer: commonName=Relevant
| Public Key type: rsa
| Public Key bits: 2048
| Signature Algorithm: sha256WithRSAEncryption
| Not valid before: 2022-01-01T21:27:17
| Not valid after:  2022-07-03T21:27:17
| MD5:   b738 b9b6 6ad6 bf1e 8216 9531 381f 24f0
| SHA-1: 4ed0 536a 98d4 5f5c 1529 d0bf 72ce e279 79dd 67fe
| -----BEGIN CERTIFICATE-----
| MIIC1DCCAbygAwIBAgIQRBYgOt6lX7hCg0HZ56gJmzANBgkqhkiG9w0BAQsFADAT
| MREwDwYDVQQDEwhSZWxldmFudDAeFw0yMjAxMDEyMTI3MTdaFw0yMjA3MDMyMTI3
| MTdaMBMxETAPBgNVBAMTCFJlbGV2YW50MIIBIjANBgkqhkiG9w0BAQEFAAOCAQ8A
| MIIBCgKCAQEAxKlPe/b62wDz9NEdbBe9Zu47EbNb9yZb8qsRtDbneEJXvqGkjuFk
| p8T/jDCKjsAYg/bmGPf1igqW4tBi85oETFqCp9sXd+YSuiRg/3AXZN0hfb7kCz+0
| LUSWn/jjyn8nKgnRldHQurOxgwA/QoCxvqmQWTcGzEeuCYTm6gHIeOiX2qZU281U
| 9k1C25KY59v8ZPmxEwBbMQS7we1jQ01BZFarMKPz3e1soHC3LPXBhBQulNmg4853
| rBE70a2DF7RR38FI7rkF4SwXJ5k9BoAh+Ss5oTZJ0h8ZCbCYe+RHTkxk8dNqSVE2
| P2KHUxt5qmfuxZlyALySkT9oOBntb54hdwIDAQABoyQwIjATBgNVHSUEDDAKBggr
| BgEFBQcDATALBgNVHQ8EBAMCBDAwDQYJKoZIhvcNAQELBQADggEBADY0Hn/y/3N+
| DhDL3adnLC7pZoUPtpU1v0+hUh1jQZNemx3xZugSbgvuNC5T8pbEC8iskxJrRofG
| Twpn9jQjk13ScpTYBHeqOkr6YsOC/VdGxd+4vw6cAlxCCpzbISM3VMU9O4wJ+VZB
| e7q7Em0dEk+y4fI55Y02gdv9p+V5UmceA/JytlItmCA1IxwIMN1UQQB7fn8TlB1J
| sV9vV+b+PYGkCfFaEzYXhX0QnmqkiXIRQ606yHHF5Sj1y5Y4fyn4HBy0YGg+ZMKq
| eOqefeMqFxYgMzvUAMa3Wso8DLIYGcsIwNy9uJJqB3/0NkVhtJ16U5GlFgNpRKWi
| CT8TGDzVSNw=
|_-----END CERTIFICATE-----
| rdp-ntlm-info: 
|   Target_Name: RELEVANT
|   NetBIOS_Domain_Name: RELEVANT
|   NetBIOS_Computer_Name: RELEVANT
|   DNS_Domain_Name: Relevant
|   DNS_Computer_Name: Relevant
|   Product_Version: 10.0.14393
|_  System_Time: 2022-01-02T21:49:07+00:00
49663/tcp open  http          syn-ack Microsoft IIS httpd 10.0
|_http-server-header: Microsoft-IIS/10.0
|_http-title: IIS Windows Server
| http-methods: 
|   Supported Methods: OPTIONS TRACE GET HEAD POST
|_  Potentially risky methods: TRACE
49667/tcp open  msrpc         syn-ack Microsoft Windows RPC
49669/tcp open  msrpc         syn-ack Microsoft Windows RPC
Service Info: OSs: Windows, Windows Server 2008 R2 - 2012; CPE: cpe:/o:microsoft:windows

Host script results:
| p2p-conficker: 
|   Checking for Conficker.C or higher...
|   Check 1 (port 51800/tcp): CLEAN (Timeout)
|   Check 2 (port 25869/tcp): CLEAN (Timeout)
|   Check 3 (port 49906/udp): CLEAN (Timeout)
|   Check 4 (port 47411/udp): CLEAN (Timeout)
|_  0/4 checks are positive: Host is CLEAN or ports are blocked
|_clock-skew: mean: 1h35m10s, deviation: 3h34m41s, median: -51s
| smb-security-mode: 
|   account_used: guest
|   authentication_level: user
|   challenge_response: supported
|_  message_signing: disabled (dangerous, but default)
| smb2-security-mode: 
|   3.1.1: 
|_    Message signing enabled but not required
| smb2-time: 
|   date: 2022-01-02T21:49:10
|_  start_date: 2022-01-02T21:27:45
| smb-os-discovery: 
|   OS: Windows Server 2016 Standard Evaluation 14393 (Windows Server 2016 Standard Evaluation 6.3)
|   Computer name: Relevant
|   NetBIOS computer name: RELEVANT\x00
|   Workgroup: WORKGROUP\x00
|_  System time: 2022-01-02T13:49:11-08:00

NSE: Script Post-scanning.
NSE: Starting runlevel 1 (of 3) scan.
Initiating NSE at 22:50
Completed NSE at 22:50, 0.00s elapsed
NSE: Starting runlevel 2 (of 3) scan.
Initiating NSE at 22:50
Completed NSE at 22:50, 0.00s elapsed
NSE: Starting runlevel 3 (of 3) scan.
Initiating NSE at 22:50
Completed NSE at 22:50, 0.00s elapsed
Read data files from: /usr/bin/../share/nmap
Service detection performed. Please report any incorrect results at https://nmap.org/submit/ .
Nmap done: 1 IP address (1 host up) scanned in 283.07 seconds
