Starting Nmap 7.92 ( https://nmap.org ) at 2021-12-29 19:26 CET
Nmap scan report for 10.10.150.210
Host is up (0.033s latency).
Not shown: 994 closed tcp ports (conn-refused)
PORT    STATE SERVICE     VERSION
22/tcp  open  ssh         OpenSSH 7.2p2 Ubuntu 4ubuntu2.8 (Ubuntu Linux; protocol 2.0)
| ssh-hostkey: 
|   2048 99:23:31:bb:b1:e9:43:b7:56:94:4c:b9:e8:21:46:c5 (RSA)
|   256 57:c0:75:02:71:2d:19:31:83:db:e4:fe:67:96:68:cf (ECDSA)
|_  256 46:fa:4e:fc:10:a5:4f:57:57:d0:6d:54:f6:c3:4d:fe (ED25519)
80/tcp  open  http        Apache httpd 2.4.18 ((Ubuntu))
|_http-server-header: Apache/2.4.18 (Ubuntu)
|_http-title: Skynet
110/tcp open  pop3        Dovecot pop3d
|_pop3-capabilities: SASL PIPELINING CAPA TOP RESP-CODES UIDL AUTH-RESP-CODE
139/tcp open  netbios-ssn Samba smbd 3.X - 4.X (workgroup: WORKGROUP)
143/tcp open  imap        Dovecot imapd
|_imap-capabilities: LITERAL+ IDLE Pre-login ID more post-login listed have ENABLE capabilities OK LOGINDISABLEDA0001 SASL-IR IMAP4rev1 LOGIN-REFERRALS
445/tcp open  netbios-ssn Samba smbd 4.3.11-Ubuntu (workgroup: WORKGROUP)
Service Info: Host: SKYNET; OS: Linux; CPE: cpe:/o:linux:linux_kernel

Host script results:
|_clock-skew: mean: 1h59m12s, deviation: 3h27m50s, median: -47s
| smb2-time: 
|   date: 2021-12-29T18:25:55
|_  start_date: N/A
|_nbstat: NetBIOS name: SKYNET, NetBIOS user: <unknown>, NetBIOS MAC: <unknown> (unknown)
| smb2-security-mode: 
|   3.1.1: 
|_    Message signing enabled but not required
| smb-security-mode: 
|   account_used: guest
|   authentication_level: user
|   challenge_response: supported
|_  message_signing: disabled (dangerous, but default)
| smb-os-discovery: 
|   OS: Windows 6.1 (Samba 4.3.11-Ubuntu)
|   Computer name: skynet
|   NetBIOS computer name: SKYNET\x00
|   Domain name: \x00
|   FQDN: skynet
|_  System time: 2021-12-29T12:25:55-06:00

Service detection performed. Please report any incorrect results at https://nmap.org/submit/ .
Nmap done: 1 IP address (1 host up) scanned in 14.51 seconds
