Starting Nmap 7.92 ( https://nmap.org ) at 2022-01-13 22:02 CET
NSE: Loaded 155 scripts for scanning.
NSE: Script Pre-scanning.
Initiating NSE at 22:02
Completed NSE at 22:02, 0.00s elapsed
Initiating NSE at 22:02
Completed NSE at 22:02, 0.00s elapsed
Initiating NSE at 22:02
Completed NSE at 22:02, 0.00s elapsed
Initiating Parallel DNS resolution of 1 host. at 22:02
Completed Parallel DNS resolution of 1 host. at 22:02, 0.01s elapsed
Initiating Connect Scan at 22:02
Scanning 10.10.36.127 [1000 ports]
Discovered open port 10000/tcp on 10.10.36.127
Discovered open port 9999/tcp on 10.10.36.127
Completed Connect Scan at 22:02, 0.65s elapsed (1000 total ports)
Initiating Service scan at 22:02
Scanning 2 services on 10.10.36.127
Completed Service scan at 22:02, 8.60s elapsed (2 services on 1 host)
NSE: Script scanning 10.10.36.127.
Initiating NSE at 22:02
Completed NSE at 22:02, 30.06s elapsed
Initiating NSE at 22:02
Completed NSE at 22:02, 0.17s elapsed
Initiating NSE at 22:02
Completed NSE at 22:02, 0.00s elapsed
Nmap scan report for 10.10.36.127
Host is up (0.038s latency).
Not shown: 998 closed tcp ports (conn-refused)
PORT      STATE SERVICE VERSION
9999/tcp  open  abyss?
| fingerprint-strings: 
|   NULL: 
|     _| _| 
|     _|_|_| _| _|_| _|_|_| _|_|_| _|_|_| _|_|_| _|_|_| 
|     _|_| _| _| _| _| _| _| _| _| _| _| _|
|     _|_|_| _| _|_|_| _| _| _| _|_|_| _|_|_| _| _|
|     [________________________ WELCOME TO BRAINPAN _________________________]
|_    ENTER THE PASSWORD
10000/tcp open  http    SimpleHTTPServer 0.6 (Python 2.7.3)
|_http-title: Site doesn't have a title (text/html).
| http-methods: 
|_  Supported Methods: HEAD
1 service unrecognized despite returning data. If you know the service/version, please submit the following fingerprint at https://nmap.org/cgi-bin/submit.cgi?new-service :
SF-Port9999-TCP:V=7.92%I=7%D=1/13%Time=61E09361%P=x86_64-pc-linux-gnu%r(NU
SF:LL,298,"_\|\x20\x20\x20\x20\x20\x20\x20\x20\x20\x20\x20\x20\x20\x20\x20
SF:\x20\x20\x20\x20\x20\x20\x20\x20\x20\x20\x20\x20\x20_\|\x20\x20\x20\x20
SF:\x20\x20\x20\x20\x20\x20\x20\x20\x20\x20\x20\x20\x20\x20\x20\x20\x20\x2
SF:0\x20\x20\x20\x20\x20\x20\x20\x20\x20\x20\x20\x20\x20\x20\x20\x20\x20\x
SF:20\n_\|_\|_\|\x20\x20\x20\x20_\|\x20\x20_\|_\|\x20\x20\x20\x20_\|_\|_\|
SF:\x20\x20\x20\x20\x20\x20_\|_\|_\|\x20\x20\x20\x20_\|_\|_\|\x20\x20\x20\
SF:x20\x20\x20_\|_\|_\|\x20\x20_\|_\|_\|\x20\x20\n_\|\x20\x20\x20\x20_\|\x
SF:20\x20_\|_\|\x20\x20\x20\x20\x20\x20_\|\x20\x20\x20\x20_\|\x20\x20_\|\x
SF:20\x20_\|\x20\x20\x20\x20_\|\x20\x20_\|\x20\x20\x20\x20_\|\x20\x20_\|\x
SF:20\x20\x20\x20_\|\x20\x20_\|\x20\x20\x20\x20_\|\n_\|\x20\x20\x20\x20_\|
SF:\x20\x20_\|\x20\x20\x20\x20\x20\x20\x20\x20_\|\x20\x20\x20\x20_\|\x20\x
SF:20_\|\x20\x20_\|\x20\x20\x20\x20_\|\x20\x20_\|\x20\x20\x20\x20_\|\x20\x
SF:20_\|\x20\x20\x20\x20_\|\x20\x20_\|\x20\x20\x20\x20_\|\n_\|_\|_\|\x20\x
SF:20\x20\x20_\|\x20\x20\x20\x20\x20\x20\x20\x20\x20\x20_\|_\|_\|\x20\x20_
SF:\|\x20\x20_\|\x20\x20\x20\x20_\|\x20\x20_\|_\|_\|\x20\x20\x20\x20\x20\x
SF:20_\|_\|_\|\x20\x20_\|\x20\x20\x20\x20_\|\n\x20\x20\x20\x20\x20\x20\x20
SF:\x20\x20\x20\x20\x20\x20\x20\x20\x20\x20\x20\x20\x20\x20\x20\x20\x20\x2
SF:0\x20\x20\x20\x20\x20\x20\x20\x20\x20\x20\x20\x20\x20\x20\x20\x20\x20\x
SF:20\x20_\|\x20\x20\x20\x20\x20\x20\x20\x20\x20\x20\x20\x20\x20\x20\x20\x
SF:20\x20\x20\x20\x20\x20\x20\x20\x20\x20\x20\n\x20\x20\x20\x20\x20\x20\x2
SF:0\x20\x20\x20\x20\x20\x20\x20\x20\x20\x20\x20\x20\x20\x20\x20\x20\x20\x
SF:20\x20\x20\x20\x20\x20\x20\x20\x20\x20\x20\x20\x20\x20\x20\x20\x20\x20\
SF:x20\x20_\|\n\n\[________________________\x20WELCOME\x20TO\x20BRAINPAN\x
SF:20_________________________\]\n\x20\x20\x20\x20\x20\x20\x20\x20\x20\x20
SF:\x20\x20\x20\x20\x20\x20\x20\x20\x20\x20\x20\x20\x20\x20\x20\x20ENTER\x
SF:20THE\x20PASSWORD\x20\x20\x20\x20\x20\x20\x20\x20\x20\x20\x20\x20\x20\x
SF:20\x20\x20\x20\x20\x20\x20\x20\x20\x20\x20\x20\x20\x20\x20\x20\x20\n\n\
SF:x20\x20\x20\x20\x20\x20\x20\x20\x20\x20\x20\x20\x20\x20\x20\x20\x20\x20
SF:\x20\x20\x20\x20\x20\x20\x20\x20>>\x20");

NSE: Script Post-scanning.
Initiating NSE at 22:02
Completed NSE at 22:02, 0.00s elapsed
Initiating NSE at 22:02
Completed NSE at 22:02, 0.00s elapsed
Initiating NSE at 22:02
Completed NSE at 22:02, 0.00s elapsed
Read data files from: /usr/bin/../share/nmap
Service detection performed. Please report any incorrect results at https://nmap.org/submit/ .
Nmap done: 1 IP address (1 host up) scanned in 39.94 seconds
