Starting Nmap 7.92 ( https://nmap.org ) at 2022-01-13 22:04 CET
NSE: Loaded 155 scripts for scanning.
NSE: Script Pre-scanning.
Initiating NSE at 22:04
Completed NSE at 22:04, 0.00s elapsed
Initiating NSE at 22:04
Completed NSE at 22:04, 0.00s elapsed
Initiating NSE at 22:04
Completed NSE at 22:04, 0.00s elapsed
Initiating Ping Scan at 22:04
Scanning 10.10.36.127 [2 ports]
Completed Ping Scan at 22:04, 0.03s elapsed (1 total hosts)
Initiating Parallel DNS resolution of 1 host. at 22:04
Completed Parallel DNS resolution of 1 host. at 22:04, 0.00s elapsed
Initiating Connect Scan at 22:04
Scanning 10.10.36.127 [65535 ports]
Discovered open port 9999/tcp on 10.10.36.127
Increasing send delay for 10.10.36.127 from 0 to 5 due to max_successful_tryno increase to 4
Connect Scan Timing: About 39.82% done; ETC: 22:05 (0:00:47 remaining)
Discovered open port 10000/tcp on 10.10.36.127
Connect Scan Timing: About 48.06% done; ETC: 22:06 (0:01:06 remaining)
Connect Scan Timing: About 67.20% done; ETC: 22:07 (0:01:03 remaining)
Increasing send delay for 10.10.36.127 from 5 to 10 due to max_successful_tryno increase to 5
Connect Scan Timing: About 79.04% done; ETC: 22:08 (0:00:51 remaining)
Connect Scan Timing: About 86.38% done; ETC: 22:09 (0:00:38 remaining)
Completed Connect Scan at 22:10, 344.17s elapsed (65535 total ports)
Initiating Service scan at 22:10
Scanning 2 services on 10.10.36.127
Completed Service scan at 22:10, 6.09s elapsed (2 services on 1 host)
NSE: Script scanning 10.10.36.127.
Initiating NSE at 22:10
Completed NSE at 22:10, 30.08s elapsed
Initiating NSE at 22:10
Completed NSE at 22:10, 0.14s elapsed
Initiating NSE at 22:10
Completed NSE at 22:10, 0.00s elapsed
Nmap scan report for 10.10.36.127
Host is up (0.039s latency).
Not shown: 65533 closed tcp ports (conn-refused)
PORT      STATE SERVICE    VERSION
9999/tcp  open  tcpwrapped
10000/tcp open  http       SimpleHTTPServer 0.6 (Python 2.7.3)
|_http-title: Site doesn't have a title (text/html).
| http-methods: 
|_  Supported Methods: GET HEAD

NSE: Script Post-scanning.
Initiating NSE at 22:10
Completed NSE at 22:10, 0.00s elapsed
Initiating NSE at 22:10
Completed NSE at 22:10, 0.00s elapsed
Initiating NSE at 22:10
Completed NSE at 22:10, 0.00s elapsed
Read data files from: /usr/bin/../share/nmap
Service detection performed. Please report any incorrect results at https://nmap.org/submit/ .
Nmap done: 1 IP address (1 host up) scanned in 380.99 seconds
