Starting Nmap 7.92 ( https://nmap.org ) at 2022-01-18 12:28 CET
Stats: 0:00:01 elapsed; 0 hosts completed (1 up), 1 undergoing Connect Scan
Connect Scan Timing: About 38.73% done; ETC: 12:28 (0:00:02 remaining)
Stats: 0:00:02 elapsed; 0 hosts completed (1 up), 1 undergoing Connect Scan
Connect Scan Timing: About 94.43% done; ETC: 12:28 (0:00:00 remaining)
Stats: 0:00:08 elapsed; 0 hosts completed (1 up), 1 undergoing Service Scan
Service scan Timing: About 23.08% done; ETC: 12:28 (0:00:20 remaining)
Nmap scan report for 10.10.251.152
Host is up (0.037s latency).
Not shown: 987 closed tcp ports (conn-refused)
PORT     STATE SERVICE       VERSION
53/tcp   open  domain        Simple DNS Plus
80/tcp   open  http          Microsoft IIS httpd 10.0
| http-methods: 
|_  Potentially risky methods: TRACE
|_http-server-header: Microsoft-IIS/10.0
|_http-title: IIS Windows Server
88/tcp   open  kerberos-sec  Microsoft Windows Kerberos (server time: 2022-01-18 11:27:34Z)
135/tcp  open  msrpc         Microsoft Windows RPC
139/tcp  open  netbios-ssn   Microsoft Windows netbios-ssn
389/tcp  open  ldap          Microsoft Windows Active Directory LDAP (Domain: spookysec.local0., Site: Default-First-Site-Name)
445/tcp  open  microsoft-ds?
464/tcp  open  kpasswd5?
593/tcp  open  ncacn_http    Microsoft Windows RPC over HTTP 1.0
636/tcp  open  tcpwrapped
3268/tcp open  ldap          Microsoft Windows Active Directory LDAP (Domain: spookysec.local0., Site: Default-First-Site-Name)
3269/tcp open  tcpwrapped
3389/tcp open  ms-wbt-server Microsoft Terminal Services
| rdp-ntlm-info: 
|   Target_Name: THM-AD
|   NetBIOS_Domain_Name: THM-AD
|   NetBIOS_Computer_Name: ATTACKTIVEDIREC
|   DNS_Domain_Name: spookysec.local
|   DNS_Computer_Name: AttacktiveDirectory.spookysec.local
|   Product_Version: 10.0.17763
|_  System_Time: 2022-01-18T11:27:37+00:00
| ssl-cert: Subject: commonName=AttacktiveDirectory.spookysec.local
| Not valid before: 2022-01-17T11:25:37
|_Not valid after:  2022-07-19T11:25:37
|_ssl-date: 2022-01-18T11:27:45+00:00; -59s from scanner time.
Service Info: Host: ATTACKTIVEDIREC; OS: Windows; CPE: cpe:/o:microsoft:windows

Host script results:
| smb2-security-mode: 
|   3.1.1: 
|_    Message signing enabled and required
|_clock-skew: mean: -59s, deviation: 0s, median: -59s
| smb2-time: 
|   date: 2022-01-18T11:27:41
|_  start_date: N/A

Service detection performed. Please report any incorrect results at https://nmap.org/submit/ .
Nmap done: 1 IP address (1 host up) scanned in 20.87 seconds
