Starting Nmap 7.92 ( https://nmap.org ) at 2022-01-03 11:23 CET
NSE: Loaded 155 scripts for scanning.
NSE: Script Pre-scanning.
NSE: Starting runlevel 1 (of 3) scan.
Initiating NSE at 11:23
Completed NSE at 11:23, 0.00s elapsed
NSE: Starting runlevel 2 (of 3) scan.
Initiating NSE at 11:23
Completed NSE at 11:23, 0.00s elapsed
NSE: Starting runlevel 3 (of 3) scan.
Initiating NSE at 11:23
Completed NSE at 11:23, 0.00s elapsed
Initiating Ping Scan at 11:23
Scanning 10.10.235.181 [2 ports]
Completed Ping Scan at 11:23, 0.04s elapsed (1 total hosts)
Initiating Parallel DNS resolution of 1 host. at 11:23
Completed Parallel DNS resolution of 1 host. at 11:23, 0.01s elapsed
Initiating Connect Scan at 11:23
Scanning 10.10.235.181 [1000 ports]
Discovered open port 22/tcp on 10.10.235.181
Discovered open port 80/tcp on 10.10.235.181
Completed Connect Scan at 11:23, 5.15s elapsed (1000 total ports)
Initiating Service scan at 11:23
Scanning 2 services on 10.10.235.181
Completed Service scan at 11:23, 6.08s elapsed (2 services on 1 host)
NSE: Script scanning 10.10.235.181.
NSE: Starting runlevel 1 (of 3) scan.
Initiating NSE at 11:23
Completed NSE at 11:23, 2.05s elapsed
NSE: Starting runlevel 2 (of 3) scan.
Initiating NSE at 11:23
Completed NSE at 11:23, 0.16s elapsed
NSE: Starting runlevel 3 (of 3) scan.
Initiating NSE at 11:23
Completed NSE at 11:23, 0.00s elapsed
Nmap scan report for 10.10.235.181
Host is up, received syn-ack (0.043s latency).
Scanned at 2022-01-03 11:23:27 CET for 14s
Not shown: 998 closed tcp ports (conn-refused)
PORT   STATE SERVICE REASON  VERSION
22/tcp open  ssh     syn-ack OpenSSH 7.6p1 Ubuntu 4ubuntu0.3 (Ubuntu Linux; protocol 2.0)
| ssh-hostkey: 
|   2048 6e:fa:ef:be:f6:5f:98:b9:59:7b:f7:8e:b9:c5:62:1e (RSA)
| ssh-rsa AAAAB3NzaC1yc2EAAAADAQABAAABAQCzpZTvmUlaHPpKH8X2SHMndoS+GsVlbhABHJt4TN/nKUSYeFEHbNzutQnj+DrUEwNMauqaWCY7vNeYguQUXLx4LM5ukMEC8IuJo0rcuKNmlyYrgBlFws3q2956v8urY7/McCFf5IsItQxurCDyfyU/erO7fO02n2iT5k7Bw2UWf8FPvM9/jahisbkA9/FQKou3mbaSANb5nSrPc7p9FbqKs1vGpFopdUTI2dl4OQ3TkQWNXpvaFl0j1ilRynu5zLr6FetD5WWZXAuCNHNmcRo/aPdoX9JXaPKGCcVywqMM/Qy+gSiiIKvmavX6rYlnRFWEp25EifIPuHQ0s8hSXqx5
|   256 ed:64:ed:33:e5:c9:30:58:ba:23:04:0d:14:eb:30:e9 (ECDSA)
| ecdsa-sha2-nistp256 AAAAE2VjZHNhLXNoYTItbmlzdHAyNTYAAAAIbmlzdHAyNTYAAABBBMFOI/P6nqicmk78vSNs4l+vk2+BQ0mBxB1KlJJPCYueaUExTH4Cxkqkpo/zJfZ77MHHDL5nnzTW+TO6e4mDMEw=
|   256 b0:7f:7f:7b:52:62:62:2a:60:d4:3d:36:fa:89:ee:ff (ED25519)
|_ssh-ed25519 AAAAC3NzaC1lZDI1NTE5AAAAIMlxubXGh//FE3OqdyitiEwfA2nNdCtdgLfDQxFHPyY0
80/tcp open  http    syn-ack Apache httpd 2.4.29 ((Ubuntu))
|_http-server-header: Apache/2.4.29 (Ubuntu)
| http-methods: 
|_  Supported Methods: GET POST OPTIONS HEAD
|_http-title: Apache2 Ubuntu Default Page: It works
Service Info: OS: Linux; CPE: cpe:/o:linux:linux_kernel

NSE: Script Post-scanning.
NSE: Starting runlevel 1 (of 3) scan.
Initiating NSE at 11:23
Completed NSE at 11:23, 0.00s elapsed
NSE: Starting runlevel 2 (of 3) scan.
Initiating NSE at 11:23
Completed NSE at 11:23, 0.00s elapsed
NSE: Starting runlevel 3 (of 3) scan.
Initiating NSE at 11:23
Completed NSE at 11:23, 0.00s elapsed
Read data files from: /usr/bin/../share/nmap
Service detection performed. Please report any incorrect results at https://nmap.org/submit/ .
Nmap done: 1 IP address (1 host up) scanned in 13.97 seconds
